[debug] [2026-01-05T23:27:40.359Z] ----------------------------------------------------------------------
[debug] [2026-01-05T23:27:40.362Z] Command:       C:\Program Files\nodejs\node.exe C:\Users\HP\AppData\Roaming\npm\node_modules\firebase-tools\lib\bin\firebase.js init
[debug] [2026-01-05T23:27:40.362Z] CLI Version:   15.1.0
[debug] [2026-01-05T23:27:40.363Z] Platform:      win32
[debug] [2026-01-05T23:27:40.363Z] Node Version:  v22.16.0
[debug] [2026-01-05T23:27:40.364Z] Time:          Tue Jan 06 2026 00:27:40 GMT+0100 (West Africa Standard Time)
[debug] [2026-01-05T23:27:40.364Z] ----------------------------------------------------------------------
[debug] 
[info] 
     ######## #### ########  ######## ########     ###     ######  ########
     ##        ##  ##     ## ##       ##     ##  ##   ##  ##       ##
     ######    ##  ########  ######   ########  #########  ######  ######
     ##        ##  ##    ##  ##       ##     ## ##     ##       ## ##
     ##       #### ##     ## ######## ########  ##     ##  ######  ########

You're about to initialize a Firebase project in this directory:

  D:\2025\Nomira\app\ref-app\reflexa

Before we get started, keep in mind:

  * You are initializing within an existing Firebase project directory

[debug] [2026-01-05T23:28:04.694Z] ExitPromptError: User force closed the prompt with SIGINT
    at Interface.sigint (C:\Users\HP\AppData\Roaming\npm\node_modules\firebase-tools\node_modules\@inquirer\core\dist\commonjs\lib\create-prompt.js:101:37)
    at Interface.emit (node:events:518:28)
    at [_ttyWrite] [as _ttyWrite] (node:internal/readline/interface:1128:18)
    at ReadStream.onkeypress (node:internal/readline/interface:267:20)
    at ReadStream.emit (node:events:530:35)
    at emitKeys (node:internal/readline/utils:370:14)
    at emitKeys.next (<anonymous>)
    at ReadStream.onData (node:internal/readline/emitKeypressEvents:64:36)
    at ReadStream.emit (node:events:518:28)
    at addChunk (node:internal/streams/readable:561:12)
[error] 
[error] Error: An unexpected error has occurred.
